
Usage: npm <command>

where <command> is one of:
    access, adduser, bin, bugs, c, cache, completion, config,
    ddp, dedupe, deprecate, dist-tag, docs, edit, explore, get,
    help, help-search, i, init, install, install-test, it, link,
    list, ln, login, logout, ls, outdated, owner, pack, ping,
    prefix, prune, publish, rb, rebuild, repo, restart, root,
    run, run-script, s, se, search, set, shrinkwrap, star,
    stars, start, stop, t, tag, team, test, tst, un, uninstall,
    unpublish, unstar, up, update, v, version, view, whoami

npm <cmd> -h     quick help on <cmd>
npm -l           display full usage info
npm help <term>  search for help on <term>
npm help npm     involved overview

Specify configs in the ini-formatted file:
    /Users/212397664/.npmrc
or on the command line via: npm <command> --key value
Config info can be viewed via: npm help config

npm@3.10.8 /usr/local/lib/node_modules/npm
module.js:471
    throw err;
    ^

Error: Cannot find module '/Users/212397664/codeToLearn/index.js'
    at Function.Module._resolveFilename (module.js:469:15)
    at Function.Module._load (module.js:417:25)
    at Module.runMain (module.js:604:10)
    at run (bootstrap_node.js:394:7)
    at startup (bootstrap_node.js:149:9)
    at bootstrap_node.js:509:3
